<?xml version="1.0" encoding="UTF-8"?>
<!-- Generated by org.testng.reporters.JUnitReportReporter -->
<testsuite hostname="abv" failures="0" tests="1" name="testNG.Feb18Demo" time="0.006" errors="0" timestamp="2021-02-21T20:57:59 CST" skipped="0">
  <testcase classname="testNG.Feb18Demo" name="f" time="0.006"/>
  <system-out/>
</testsuite> <!-- testNG.Feb18Demo -->
