<?xml version="1.0" encoding="UTF-8"?>
<!-- Generated by org.testng.reporters.JUnitReportReporter -->
<testsuite hostname="abv" failures="0" tests="6" name="testNG.Feb19ParallelDemo" time="0.023" errors="0" timestamp="2021-02-21T21:33:41 CST" skipped="0">
  <testcase classname="testNG.Feb19ParallelDemo" name="F" time="0.001"/>
  <system-out/>
  <testcase classname="testNG.Feb19ParallelDemo" name="A" time="0.010"/>
  <system-out/>
  <testcase classname="testNG.Feb19ParallelDemo" name="D" time="0.000"/>
  <system-out/>
  <testcase classname="testNG.Feb19ParallelDemo" name="B" time="0.010"/>
  <system-out/>
  <testcase classname="testNG.Feb19ParallelDemo" name="C" time="0.001"/>
  <system-out/>
  <testcase classname="testNG.Feb19ParallelDemo" name="E" time="0.001"/>
  <system-out/>
</testsuite> <!-- testNG.Feb19ParallelDemo -->
