<?xml version="1.0" encoding="UTF-8"?>
<!-- Generated by org.testng.reporters.JUnitReportReporter -->
<testsuite hostname="abv" failures="0" tests="1" name="assignment.A2_mFacebook" time="14.314" errors="0" timestamp="2021-02-23T21:16:14 CST" skipped="0">
  <testcase classname="assignment.A2_mFacebook" name="f" time="14.314"/>
  <system-out/>
</testsuite> <!-- assignment.A2_mFacebook -->
