<?xml version="1.0" encoding="UTF-8"?>
<!-- Generated by org.testng.reporters.JUnitReportReporter -->
<testsuite hostname="abv" failures="0" tests="1" name="assignment.A3_Oracle" time="23.388" errors="0" timestamp="2021-02-23T21:16:14 CST" skipped="0">
  <testcase classname="assignment.A3_Oracle" name="f" time="23.388"/>
  <system-out/>
</testsuite> <!-- assignment.A3_Oracle -->
