<?xml version="1.0" encoding="UTF-8"?>
<!-- Generated by org.testng.reporters.JUnitReportReporter -->
<testsuite hostname="abv" failures="0" tests="2" name="testNG.Feb18AnontationsDemo" time="0.006" errors="0" timestamp="2021-02-21T20:56:38 CST" skipped="0">
  <testcase classname="testNG.Feb18AnontationsDemo" name="Display" time="0.005"/>
  <system-out/>
  <testcase classname="testNG.Feb18AnontationsDemo" name="Display2" time="0.001"/>
  <system-out/>
</testsuite> <!-- testNG.Feb18AnontationsDemo -->
