<?xml version="1.0" encoding="UTF-8"?>
<!-- Generated by org.testng.reporters.JUnitReportReporter -->
<testsuite hostname="abv" failures="0" tests="1" name="testNG.Feb18sample" time="3.609" errors="0" timestamp="2021-02-21T21:15:38 CST" skipped="0">
  <testcase classname="testNG.Feb18sample" name="display" time="3.609"/>
  <system-out/>
</testsuite> <!-- testNG.Feb18sample -->
