<?xml version="1.0" encoding="UTF-8"?>
<!-- Generated by org.testng.reporters.JUnitReportReporter -->
<testsuite hostname="abv" failures="0" tests="6" name="testNG.Feb19groupsDemo" time="0.016" errors="0" timestamp="2021-02-21T22:00:22 CST" skipped="0">
  <testcase classname="testNG.Feb19groupsDemo" name="A" time="0.009"/>
  <system-out/>
  <testcase classname="testNG.Feb19groupsDemo" name="C" time="0.001"/>
  <system-out/>
  <testcase classname="testNG.Feb19groupsDemo" name="D" time="0.002"/>
  <system-out/>
  <testcase classname="testNG.Feb19groupsDemo" name="B" time="0.001"/>
  <system-out/>
  <testcase classname="testNG.Feb19groupsDemo" name="E" time="0.002"/>
  <system-out/>
  <testcase classname="testNG.Feb19groupsDemo" name="F" time="0.001"/>
  <system-out/>
</testsuite> <!-- testNG.Feb19groupsDemo -->
