<?xml version="1.0" encoding="UTF-8"?>
<!-- Generated by org.testng.reporters.JUnitReportReporter -->
<testsuite hostname="abv" failures="0" tests="1" name="assignment.A1_Google" time="11.178" errors="0" timestamp="2021-02-23T22:28:08 CST" skipped="0">
  <testcase classname="assignment.A1_Google" name="launch_google" time="11.178"/>
  <system-out/>
</testsuite> <!-- assignment.A1_Google -->
