<?xml version="1.0" encoding="UTF-8"?>
<!-- Generated by org.testng.reporters.JUnitReportReporter -->
<testsuite hostname="abv" failures="0" tests="1" name="testNG.Feb18abc" time="0.004" errors="0" timestamp="2021-02-21T20:55:30 CST" skipped="0">
  <testcase classname="testNG.Feb18abc" name="f" time="0.004"/>
  <system-out/>
</testsuite> <!-- testNG.Feb18abc -->
