<?xml version="1.0" encoding="UTF-8"?>
<!-- Generated by org.testng.reporters.JUnitReportReporter -->
<testsuite hostname="abv" failures="0" tests="1" name="testNG.Feb18softassertDemo" time="3.601" errors="0" timestamp="2021-02-21T21:20:12 CST" skipped="0">
  <testcase classname="testNG.Feb18softassertDemo" name="display" time="3.601"/>
  <system-out/>
</testsuite> <!-- testNG.Feb18softassertDemo -->
