<?xml version="1.0" encoding="UTF-8"?>
<!-- Generated by org.testng.reporters.JUnitReportReporter -->
<testsuite hostname="abv" failures="0" tests="3" name="testNG.Feb19App2" time="6.652" errors="0" timestamp="2021-02-23T21:29:05 CST" skipped="0">
  <testcase classname="testNG.Feb19App2" name="Launch" time="1.162"/>
  <system-out/>
  <testcase classname="testNG.Feb19App2" name="ForgetFacebook" time="4.929"/>
  <system-out/>
  <testcase classname="testNG.Feb19App2" name="LoginFacebook" time="0.561"/>
  <system-out/>
</testsuite> <!-- testNG.Feb19App2 -->
