<?xml version="1.0" encoding="UTF-8"?>
<!-- Generated by org.testng.reporters.JUnitReportReporter -->
<testsuite hostname="abv" failures="0" tests="1" name="testNG.Feb19BrowserSelectionCode" time="5.954" errors="0" timestamp="2021-02-23T21:29:05 CST" skipped="0">
  <testcase classname="testNG.Feb19BrowserSelectionCode" name="Launch" time="5.954"/>
  <system-out/>
</testsuite> <!-- testNG.Feb19BrowserSelectionCode -->
