<?xml version="1.0" encoding="UTF-8"?>
<!-- Generated by org.testng.reporters.JUnitReportReporter -->
<testsuite hostname="abv" failures="0" tests="2" name="testNG.Feb19App3" time="4.778" errors="0" timestamp="2021-02-23T21:29:05 CST" skipped="0">
  <testcase classname="testNG.Feb19App3" name="ForgetFacebook" time="4.182"/>
  <system-out/>
  <testcase classname="testNG.Feb19App3" name="LoginFacebook" time="0.596"/>
  <system-out/>
</testsuite> <!-- testNG.Feb19App3 -->
