<?xml version="1.0" encoding="UTF-8"?>
<!-- Generated by org.testng.reporters.JUnitReportReporter -->
<testsuite hostname="abv" failures="0" tests="3" name="testNG.Feb18DependsonDemo" time="0.013" errors="0" timestamp="2021-02-21T21:10:46 CST" skipped="0">
  <testcase classname="testNG.Feb18DependsonDemo" name="Login" time="0.010"/>
  <system-out/>
  <testcase classname="testNG.Feb18DependsonDemo" name="Send" time="0.001"/>
  <system-out/>
  <testcase classname="testNG.Feb18DependsonDemo" name="Logout" time="0.002"/>
  <system-out/>
</testsuite> <!-- testNG.Feb18DependsonDemo -->
