<?xml version="1.0" encoding="UTF-8"?>
<!-- Generated by org.testng.reporters.JUnitReportReporter -->
<testsuite hostname="abv" failures="0" tests="3" name="testNG.Feb20facebook" time="28.252" errors="0" timestamp="2021-02-21T22:09:01 CST" skipped="0">
  <testcase classname="testNG.Feb20facebook" name="LoginTc" time="9.753"/>
  <system-out/>
  <testcase classname="testNG.Feb20facebook" name="LoginTc" time="9.249"/>
  <system-out/>
  <testcase classname="testNG.Feb20facebook" name="LoginTc" time="9.250"/>
  <system-out/>
</testsuite> <!-- testNG.Feb20facebook -->
