<?xml version="1.0" encoding="UTF-8"?>
<!-- Generated by org.testng.reporters.JUnitReportReporter -->
<testsuite hostname="abv" failures="0" tests="1" name="assignment.A4_Google" time="13.563" errors="0" timestamp="2021-02-23T21:16:13 CST" skipped="0">
  <testcase classname="assignment.A4_Google" name="f" time="13.563"/>
  <system-out/>
</testsuite> <!-- assignment.A4_Google -->
