<?xml version="1.0" encoding="UTF-8"?>
<!-- Generated by org.testng.reporters.JUnitReportReporter -->
<testsuite hostname="abv" failures="0" tests="3" name="testNG.Feb18MultipleTC" time="0.012" errors="0" timestamp="2021-02-21T21:12:06 CST" skipped="0">
  <testcase classname="testNG.Feb18MultipleTC" name="Login" time="0.010"/>
  <system-out/>
  <testcase classname="testNG.Feb18MultipleTC" name="Send" time="0.001"/>
  <system-out/>
  <testcase classname="testNG.Feb18MultipleTC" name="Logout" time="0.001"/>
  <system-out/>
</testsuite> <!-- testNG.Feb18MultipleTC -->
