<?xml version="1.0" encoding="UTF-8"?>
<!-- Generated by org.testng.reporters.JUnitReportReporter -->
<testsuite hostname="abv" failures="0" tests="7" name="testNG.Feb20sample" time="0.014" errors="0" timestamp="2021-02-21T22:21:08 CST" skipped="0">
  <testcase classname="testNG.Feb20sample" name="GoogleTc" time="0.001"/>
  <system-out/>
  <testcase classname="testNG.Feb20sample" name="GoogleTc2" time="0.002"/>
  <system-out/>
  <testcase classname="testNG.Feb20sample" name="GoogleTc2" time="0.001"/>
  <system-out/>
  <testcase classname="testNG.Feb20sample" name="GoogleTc" time="0.001"/>
  <system-out/>
  <testcase classname="testNG.Feb20sample" name="GoogleTc2" time="0.001"/>
  <system-out/>
  <testcase classname="testNG.Feb20sample" name="GoogleTc" time="0.007"/>
  <system-out/>
  <testcase classname="testNG.Feb20sample" name="GoogleTc" time="0.001"/>
  <system-out/>
</testsuite> <!-- testNG.Feb20sample -->
