<?xml version="1.0" encoding="UTF-8"?>
<!-- Generated by org.testng.reporters.JUnitReportReporter -->
<testsuite hostname="abv" failures="0" tests="2" name="testNG.Feb17sample" time="3.469" errors="0" timestamp="2021-02-21T20:55:11 CST" skipped="0">
  <testcase classname="testNG.Feb17sample" name="display" time="3.460"/>
  <system-out/>
  <testcase classname="testNG.Feb17sample" name="Tc1" time="0.009"/>
  <system-out/>
</testsuite> <!-- testNG.Feb17sample -->
